Loading source files for package cellular...
Constructing Javadoc information...
Building index for all the packages and classes...
Standard Doclet version 21+35-LTS
Building tree for all the packages and classes...
Generating doc\cellular\CellularAutomata.html...
Generating doc\cellular\Controller.html...
Generating doc\cellular\GameView.html...
Generating doc\cellular\Main.html...
Generating doc\cellular\Model.html...
Generating doc\cellular\package-summary.html...
Generating doc\cellular\package-tree.html...
Generating doc\overview-tree.html...
Building index for all classes...
Generating doc\allclasses-index.html...
Generating doc\allpackages-index.html...
Generating doc\index-all.html...
Generating doc\search.html...
Generating doc\index.html...
Generating doc\help-doc.html...
